[0;32m[2025-12-28 13:40:08][0m ✅ Estrutura de diretórios criada
[0;32m[2025-12-28 13:40:08][0m Sprint tracking inicializado
[0;32m[2025-12-28 13:40:08][0m Criando Cargo.toml do workspace...
[0;32m[2025-12-28 13:40:08][0m ✅ Cargo.toml workspace criado
[0;32m[2025-12-28 13:40:08][0m Criando hvmx-core...
[0;32m[2025-12-28 13:40:08][0m ✅ hvmx-core criado (LOC: ~150)
[0;32m[2025-12-28 13:40:08][0m Criando hvmx-jit (stub)...
[0;32m[2025-12-28 13:40:08][0m ✅ hvmx-jit criado (stub)
[0;32m[2025-12-28 13:40:08][0m Criando hvmx-cli...
[0;32m[2025-12-28 13:40:08][0m ✅ hvmx-cli criado
[0;32m[2025-12-28 13:40:08][0m Criando CI/CD pipeline...
[0;32m[2025-12-28 13:40:08][0m ✅ CI/CD criado
[0;32m[2025-12-28 13:40:08][0m Criando README.md...
[0;32m[2025-12-28 13:40:08][0m ✅ README.md criado
[0;32m[2025-12-28 13:40:08][0m 
[0;32m[2025-12-28 13:40:08][0m =========================================
[0;32m[2025-12-28 13:40:08][0m TESTING & VALIDATION
[0;32m[2025-12-28 13:40:08][0m =========================================
[0;32m[2025-12-28 13:40:08][0m Executando testes iniciais...
error: failed to load manifest for workspace member `/home/mex/projetos/hvmx/crates/hvmx-memory`
referenced by workspace at `/home/mex/projetos/hvmx/Cargo.toml`

Caused by:
  failed to read `/home/mex/projetos/hvmx/crates/hvmx-memory/Cargo.toml`

Caused by:
  No such file or directory (os error 2)
[0;32m[2025-12-28 13:40:08][0m ✅ Build bem-sucedido
error: failed to load manifest for workspace member `/home/mex/projetos/hvmx/crates/hvmx-memory`
referenced by workspace at `/home/mex/projetos/hvmx/Cargo.toml`

Caused by:
  failed to read `/home/mex/projetos/hvmx/crates/hvmx-memory/Cargo.toml`

Caused by:
  No such file or directory (os error 2)
[0;32m[2025-12-28 13:40:08][0m ✅ Testes passaram
error: failed to load manifest for workspace member `/home/mex/projetos/hvmx/crates/hvmx-memory`
referenced by workspace at `/home/mex/projetos/hvmx/Cargo.toml`

Caused by:
  failed to read `/home/mex/projetos/hvmx/crates/hvmx-memory/Cargo.toml`

Caused by:
  No such file or directory (os error 2)
[0;32m[2025-12-28 13:40:08][0m ✅ CLI funcional
[0;32m[2025-12-28 13:40:08][0m 
[0;32m[2025-12-28 13:40:08][0m =========================================
[0;32m[2025-12-28 13:40:08][0m METRICS & REPORTING
[0;32m[2025-12-28 13:40:08][0m =========================================
[0;32m[2025-12-28 13:40:08][0m Gerando métricas...
[0;32m[2025-12-28 13:40:08][0m ✅ Métricas geradas
[0;32m[2025-12-28 13:40:08][0m 
[0;32m[2025-12-28 13:40:08][0m =========================================
[0;32m[2025-12-28 13:40:08][0m PROJECT STRUCTURE
[0;32m[2025-12-28 13:40:08][0m =========================================
[0;32m[2025-12-28 13:40:08][0m Estrutura do projeto:
.
├── benches
├── Cargo.toml
├── crates
│   ├── hvmx-cli
│   │   ├── Cargo.toml
│   │   ├── src
│   │   └── tests
│   ├── hvmx-core
│   │   ├── Cargo.toml
│   │   ├── src
│   │   └── tests
│   ├── hvmx-jit
│   │   ├── Cargo.toml
│   │   ├── src
│   │   └── tests
│   ├── hvmx-memory
│   │   ├── src
│   │   └── tests
│   └── hvmx-scheduler
│       ├── src
│       └── tests
├── docs
├── examples
├── hvmx_setup_20251228_134008.log
├── README.md
├── scripts
└── tests

22 directories, 6 files
[0;32m[2025-12-28 13:40:09][0m 
[0;32m[2025-12-28 13:40:09][0m =========================================
[0;32m[2025-12-28 13:40:09][0m ✅ SETUP COMPLETO!
[0;32m[2025-12-28 13:40:09][0m =========================================
[0;32m[2025-12-28 13:40:09][0m 
[0;32m[2025-12-28 13:40:09][0m Próximos passos:
[0;32m[2025-12-28 13:40:09][0m 1. cd hvmx
[0;32m[2025-12-28 13:40:09][0m 2. git init && git add . && git commit -m 'Initial commit'
[0;32m[2025-12-28 13:40:09][0m 3. git remote add origin https://github.com/scoobiii/hvmx.git
[0;32m[2025-12-28 13:40:09][0m 4. git push -u origin main
[0;32m[2025-12-28 13:40:09][0m 
[0;32m[2025-12-28 13:40:09][0m Desenvolvimento:
[0;32m[2025-12-28 13:40:09][0m   cargo build        # Compilar
[0;32m[2025-12-28 13:40:09][0m   cargo test         # Testar
[0;32m[2025-12-28 13:40:09][0m   cargo run --bin hvmx -- version  # Rodar CLI
[0;32m[2025-12-28 13:40:09][0m 
[0;32m[2025-12-28 13:40:09][0m Log completo: hvmx_setup_20251228_134008.log
